<?xml version="1.0" encoding="utf-8"?><testsuites><testsuite name="pytest" errors="0" failures="0" skipped="0" tests="3" time="1.744" timestamp="2025-02-07T14:25:44.141549-05:00" hostname="LKHXLYYK10"><testcase classname="tests.test_router_github" name="test_get_github_status_success" time="0.365" /><testcase classname="tests.test_router_github" name="test_get_github_status_failure" time="0.001" /><testcase classname="tests.test_router_health" name="test_get_health_success" time="1.030" /></testsuite></testsuites>