<?xml version="1.0" encoding="utf-8"?><testsuites><testsuite name="pytest" errors="0" failures="0" skipped="0" tests="3" time="1.544" timestamp="2025-05-05T22:31:22.195137-05:00" hostname="capriMac.local"><testcase classname="tests.test_router_github" name="test_get_github_status_success" time="0.239" /><testcase classname="tests.test_router_github" name="test_get_github_status_failure" time="0.001" /><testcase classname="tests.test_router_health" name="test_get_health_success" time="1.017" /></testsuite></testsuites>