<?xml version="1.0" encoding="utf-8"?><testsuites><testsuite name="pytest" errors="0" failures="0" skipped="0" tests="3" time="2.547" timestamp="2025-05-09T16:27:08.995590+00:00" hostname="codespaces-2d449d"><testcase classname="tests.test_router_github" name="test_get_github_status_success" time="0.353" /><testcase classname="tests.test_router_github" name="test_get_github_status_failure" time="0.001" /><testcase classname="tests.test_router_health" name="test_get_health_success" time="1.006" /></testsuite></testsuites>